Arguments: 
  /usr/local/bin/node /Users/xinyizhou/.yarn/bin/yarn.js add @babel/core --dev

PATH: 
  /Users/xinyizhou/.yarn/bin:/Users/xinyizhou/.config/yarn/global/node_modules/.bin:/usr/local/bin:/usr/bin:/bin:/usr/sbin:/sbin

Yarn version: 
  1.22.4

Node version: 
  12.4.0

Platform: 
  darwin x64

Trace: 
  Error: EACCES: permission denied, mkdir '/Applications/MAMP/htdocs/smallProject/postcss-webpack-demo/node_modules/abbrev'

npm manifest: 
  {
    "name": "webpack-4-demo",
    "version": "1.0.0",
    "description": "",
    "main": "index.js",
    "author": "",
    "license": "ISC",
    "scripts": {
      "build": "webpack --mode production",
      "dev": "webpack --mode development"
    },
    "devDependencies": {
      "babel-core": "^6.26.3",
      "babel-loader": "^8.0.6",
      "babel-preset-env": "^1.7.0",
      "css-loader": "^3.4.2",
      "extract-text-webpack-plugin": "^3.0.2",
      "style-loader": "^1.1.3",
      "webpack": "^4.42.0",
      "webpack-cli": "^3.3.11",
      "webpack-node-externals": "^1.7.2"
    }
  }

yarn manifest: 
  No manifest

Lockfile: 
  No lockfile
